<?xml version="1.0" encoding="UTF-8"?>
<testng-results ignored="0" total="3" passed="3" failed="0" skipped="0">
  <reporter-output>
  </reporter-output>
  <suite started-at="2021-07-30T13:02:01 EDT" name="Default suite" finished-at="2021-07-30T13:04:34 EDT" duration-ms="153014">
    <groups>
    </groups>
    <test started-at="2021-07-30T13:02:01 EDT" name="Default test" finished-at="2021-07-30T13:04:34 EDT" duration-ms="153014">
      <class name="testng.AccountCreation">
        <test-method is-config="true" signature="openingBrowser()[pri:0, instance:testng.AccountCreation@2cf92cc7]" started-at="2021-07-30T13:02:01 EDT" name="openingBrowser" finished-at="2021-07-30T13:02:10 EDT" duration-ms="8837" status="PASS">
          <reporter-output>
          </reporter-output>
        </test-method> <!-- openingBrowser -->
        <test-method signature="accountCreation()[pri:1, instance:testng.AccountCreation@2cf92cc7]" started-at="2021-07-30T13:02:10 EDT" name="accountCreation" finished-at="2021-07-30T13:02:35 EDT" duration-ms="24751" status="PASS">
          <reporter-output>
          </reporter-output>
        </test-method> <!-- accountCreation -->
        <test-method is-config="true" signature="tearDown()[pri:0, instance:testng.AccountCreation@2cf92cc7]" started-at="2021-07-30T13:02:35 EDT" name="tearDown" finished-at="2021-07-30T13:02:40 EDT" duration-ms="5108" status="PASS">
          <reporter-output>
          </reporter-output>
        </test-method> <!-- tearDown -->
        <test-method is-config="true" signature="openingBrowser()[pri:0, instance:testng.AccountCreation@2cf92cc7]" started-at="2021-07-30T13:02:40 EDT" name="openingBrowser" finished-at="2021-07-30T13:02:50 EDT" duration-ms="9608" status="PASS">
          <reporter-output>
          </reporter-output>
        </test-method> <!-- openingBrowser -->
        <test-method signature="updateInformation()[pri:2, instance:testng.AccountCreation@2cf92cc7]" started-at="2021-07-30T13:02:50 EDT" name="updateInformation" finished-at="2021-07-30T13:03:25 EDT" duration-ms="35372" status="PASS">
          <reporter-output>
          </reporter-output>
        </test-method> <!-- updateInformation -->
        <test-method is-config="true" signature="tearDown()[pri:0, instance:testng.AccountCreation@2cf92cc7]" started-at="2021-07-30T13:03:25 EDT" name="tearDown" finished-at="2021-07-30T13:03:30 EDT" duration-ms="5079" status="PASS">
          <reporter-output>
          </reporter-output>
        </test-method> <!-- tearDown -->
        <test-method is-config="true" signature="openingBrowser()[pri:0, instance:testng.AccountCreation@2cf92cc7]" started-at="2021-07-30T13:03:30 EDT" name="openingBrowser" finished-at="2021-07-30T13:03:40 EDT" duration-ms="9667" status="PASS">
          <reporter-output>
          </reporter-output>
        </test-method> <!-- openingBrowser -->
        <test-method signature="updateAdditionalAddress()[pri:3, instance:testng.AccountCreation@2cf92cc7]" started-at="2021-07-30T13:03:40 EDT" name="updateAdditionalAddress" finished-at="2021-07-30T13:04:29 EDT" duration-ms="49463" status="PASS">
          <reporter-output>
          </reporter-output>
        </test-method> <!-- updateAdditionalAddress -->
        <test-method is-config="true" signature="tearDown()[pri:0, instance:testng.AccountCreation@2cf92cc7]" started-at="2021-07-30T13:04:29 EDT" name="tearDown" finished-at="2021-07-30T13:04:34 EDT" duration-ms="5084" status="PASS">
          <reporter-output>
          </reporter-output>
        </test-method> <!-- tearDown -->
      </class> <!-- testng.AccountCreation -->
    </test> <!-- Default test -->
  </suite> <!-- Default suite -->
</testng-results>
