<?xml version="1.0" encoding="UTF-8"?>
<!-- Generated by org.testng.reporters.JUnitXMLReporter -->
<testsuite ignored="0" hostname="DESKTOP-AJHD9AD" failures="0" tests="3" name="Default test" time="153.014" errors="0" timestamp="2021-07-30T13:04:34 EDT">
  <testcase classname="testng.AccountCreation" name="accountCreation" time="24.751"/>
  <testcase classname="testng.AccountCreation" name="updateInformation" time="35.372"/>
  <testcase classname="testng.AccountCreation" name="updateAdditionalAddress" time="49.463"/>
</testsuite> <!-- Default test -->
