<?xml version="1.0" encoding="UTF-8"?>
<!-- Generated by org.testng.reporters.JUnitXMLReporter -->
<testsuite ignored="0" hostname="DESKTOP-AJHD9AD" failures="0" tests="3" name="Default test" time="61.306" errors="0" timestamp="2021-07-30T15:52:53 EDT">
  <testcase classname="scenario2.SearchTest" name="chiffonDress" time="9.092"/>
  <testcase classname="scenario2.SearchTest" name="summerDress" time="12.894"/>
  <testcase classname="scenario2.SearchTest" name="noResults" time="6.35"/>
</testsuite> <!-- Default test -->
